<?xml version="1.0" encoding="UTF-8"?>
<!-- Generated by org.testng.reporters.JUnitXMLReporter -->
<testsuite hostname="DT635" ignored="0" name="Default test" tests="3" failures="0" timestamp="28 Nov 2018 09:23:45 GMT" time="18.131" errors="0">
  <testcase name="loginTest" time="3.004" classname="QuestionNo3.Elearning"/>
  <testcase name="playVideo" time="6.076" classname="QuestionNo3.Elearning"/>
  <testcase name="logOut" time="1.099" classname="QuestionNo3.Elearning"/>
</testsuite> <!-- Default test -->
